<?xml version="1.0" encoding="UTF-8"?>
<!-- Generated by org.testng.reporters.JUnitReportReporter -->
<testsuite hostname="RFL315.local" failures="0" tests="2" name="TestCases.verifyVisibilityTest" time="10.302" errors="0" timestamp="29 Nov 2022 09:45:54 GMT" skipped="0">
  <testcase classname="TestCases.verifyVisibilityTest" name="navigate" time="7.861"/>
  <testcase classname="TestCases.verifyVisibilityTest" name="isProceedToBuyDisplayed" time="2.441"/>
</testsuite> <!-- TestCases.verifyVisibilityTest -->
