<?xml version="1.0" encoding="UTF-8"?>
<!-- Generated by org.testng.reporters.JUnitReportReporter -->
<testsuite hostname="RFL315.local" failures="0" tests="2" name="testCases.TC01verifyVisibilityTest" time="40.545" errors="0" timestamp="29 Nov 2022 10:22:40 GMT" skipped="0">
  <testcase classname="testCases.TC01verifyVisibilityTest" name="navigate" time="37.709"/>
  <testcase classname="testCases.TC01verifyVisibilityTest" name="isProceedToBuyDisplayed" time="2.836"/>
</testsuite> <!-- testCases.TC01verifyVisibilityTest -->
